<?xml version="1.0" encoding="UTF-8"?>
<robot generated="20171016 10:56:01.138" generator="Robot 3.0.2 (Python 2.7.12 on linux2)">
<suite source="/home/alex/Robot Framework/Floship-UI/test.robot" id="s1" name="Test">
<kw type="setup" name="Setup Tests" library="resource">
<kw name="Start Virtual Display" library="XvfbRobot">
<doc>Starts virtual display which will be</doc>
<arguments>
<arg>${WIDTH}</arg>
<arg>${HEIGHT}</arg>
</arguments>
<msg timestamp="20171016 10:56:01.560" level="INFO">Using virtual display: '1920x1080x24'</msg>
<status status="PASS" endtime="20171016 10:56:01.713" starttime="20171016 10:56:01.560"></status>
</kw>
<kw name="Open Browser" library="SeleniumLibrary">
<doc>Opens a new browser instance to given URL.</doc>
<arguments>
<arg>${SERVER}</arg>
<arg>${BROWSER}</arg>
</arguments>
<msg timestamp="20171016 10:56:01.714" level="INFO">Opening browser 'chrome' to base url 'https://floship-staging.herokuapp.com'</msg>
<kw name="On Fail" library="resource">
<doc>On Fail</doc>
<kw name="Set Screenshot Directory" library="SeleniumLibrary">
<doc>Sets the root output directory for captured screenshots.</doc>
<arguments>
<arg>${OUTPUTDIR}/Errors/</arg>
</arguments>
<status status="FAIL" endtime="20171016 10:56:05.072" starttime="20171016 10:56:05.072"></status>
</kw>
<status status="FAIL" endtime="20171016 10:56:05.072" starttime="20171016 10:56:05.071"></status>
</kw>
<msg timestamp="20171016 10:56:05.073" level="WARN">Keyword 'On Fail' could not be run on failure: Execution terminated by signal</msg>
<status status="FAIL" endtime="20171016 10:56:05.073" starttime="20171016 10:56:01.714"></status>
</kw>
<status status="FAIL" endtime="20171016 10:56:05.073" starttime="20171016 10:56:01.559"></status>
</kw>
<test id="s1-t1" name="TC195 - Login in Admin Panel (valid)">
<tags>
<tag>Login</tag>
<tag>robot-exit</tag>
</tags>
<status status="FAIL" endtime="20171016 10:56:05.074" critical="yes" starttime="20171016 10:56:05.073">Test execution stopped due to a fatal error.</status>
</test>
<kw type="teardown" name="Close All Browsers" library="SeleniumLibrary">
<doc>Closes all open browsers and resets the browser cache.</doc>
<status status="PASS" endtime="20171016 10:56:05.081" starttime="20171016 10:56:05.074"></status>
</kw>
<doc>FloShip UI testing</doc>
<status status="FAIL" endtime="20171016 10:56:05.081" starttime="20171016 10:56:01.140">Suite setup failed:
Execution terminated by signal</status>
</suite>
<statistics>
<total>
<stat fail="1" pass="0">Critical Tests</stat>
<stat fail="1" pass="0">All Tests</stat>
</total>
<tag>
<stat info="combined" fail="0" combined="NOT robot-exit" pass="0">NOT robot-exit</stat>
<stat fail="1" pass="0">Login</stat>
<stat fail="1" pass="0">robot-exit</stat>
</tag>
<suite>
<stat fail="1" id="s1" name="Test" pass="0">Test</stat>
</suite>
</statistics>
<errors>
<msg timestamp="20171016 10:56:01.332" level="ERROR">Error in file '/home/alex/Robot Framework/Floship-UI/resource.robot': Importing test library 'AllureReportLibrary' failed: ImportError: No module named AllureReportLibrary
Traceback (most recent call last):
  None
PYTHONPATH:
  /usr/local/bin
  /usr/lib/python2.7
  /usr/lib/python2.7/plat-x86_64-linux-gnu
  /usr/lib/python2.7/lib-tk
  /usr/lib/python2.7/lib-old
  /usr/lib/python2.7/lib-dynload
  /home/alex/.local/lib/python2.7/site-packages
  /usr/local/lib/python2.7/dist-packages
  /usr/lib/python2.7/dist-packages</msg>
<msg timestamp="20171016 10:56:05.073" level="WARN">Keyword 'On Fail' could not be run on failure: Execution terminated by signal</msg>
</errors>
</robot>
